<?xml version="1.0" encoding="UTF-8"?>
<!-- Generated by org.testng.reporters.JUnitReportReporter -->
<testsuite hostname="LAPTOP-10R8ABVG" failures="0" tests="1" name="com.sevenrmartsupermarket.tests.LoginTest" time="14.507" errors="0" timestamp="2024-01-10T21:16:54 IST" skipped="0">
  <testcase classname="com.sevenrmartsupermarket.tests.LoginTest" name="verifyLogin" time="14.507"/>
</testsuite> <!-- com.sevenrmartsupermarket.tests.LoginTest -->
