<?xml version="1.0" encoding="UTF-8"?>
<!-- Generated by org.testng.reporters.JUnitReportReporter -->
<testsuite hostname="LAPTOP-10R8ABVG" failures="0" tests="1" name="com.sevenrmartsupermarket.tests.LoginTest" time="8.324" errors="0" timestamp="2024-01-03T16:46:25 IST" skipped="0">
  <testcase classname="com.sevenrmartsupermarket.tests.LoginTest" name="verifyLogin" time="8.324"/>
</testsuite> <!-- com.sevenrmartsupermarket.tests.LoginTest -->
