<?xml version="1.0" encoding="UTF-8"?>
<!-- Generated by org.testng.reporters.JUnitReportReporter -->
<testsuite hostname="LAPTOP-10R8ABVG" failures="0" tests="1" name="com.sevenrmartsupermarket.tests.LoginTest" time="7.831" errors="0" timestamp="2024-01-15T17:53:59 IST" skipped="0">
  <testcase classname="com.sevenrmartsupermarket.tests.LoginTest" name="verifyLogin" time="7.831"/>
</testsuite> <!-- com.sevenrmartsupermarket.tests.LoginTest -->
