<?xml version="1.0" encoding="UTF-8"?>
<!-- Generated by org.testng.reporters.JUnitReportReporter -->
<testsuite hostname="LAPTOP-10R8ABVG" failures="0" tests="4" name="dataproviderexample.DataProviderLoginTest" time="21.706" errors="0" timestamp="2024-01-03T19:14:48 IST" skipped="0">
  <testcase classname="dataproviderexample.DataProviderLoginTest" name="verifyLoginUsingDataProvider" time="4.359"/>
  <testcase classname="dataproviderexample.DataProviderLoginTest" name="verifyLoginUsingDataProvider" time="5.152"/>
  <testcase classname="dataproviderexample.DataProviderLoginTest" name="verifyLoginUsingDataProvider" time="4.960"/>
  <testcase classname="dataproviderexample.DataProviderLoginTest" name="verifyLoginUsingDataProvider" time="7.235"/>
</testsuite> <!-- dataproviderexample.DataProviderLoginTest -->
