<?xml version="1.0" encoding="UTF-8"?>
<!-- Generated by org.testng.reporters.JUnitReportReporter -->
<testsuite hostname="LAPTOP-10R8ABVG" failures="0" tests="5" name="com.sevenrmartsupermarket.tests.LoginTest" time="33.700" errors="0" timestamp="2024-01-17T16:21:26 IST" skipped="0">
  <testcase classname="com.sevenrmartsupermarket.tests.LoginTest" name="verifyLoginUsingDataProvider" time="6.517"/>
  <testcase classname="com.sevenrmartsupermarket.tests.LoginTest" name="excelRead" time="5.260"/>
  <testcase classname="com.sevenrmartsupermarket.tests.LoginTest" name="verifyLoginUsingDataProvider" time="5.854"/>
  <testcase classname="com.sevenrmartsupermarket.tests.LoginTest" name="verifyLogin" time="6.377"/>
  <testcase classname="com.sevenrmartsupermarket.tests.LoginTest" name="verifyLoginUsingDataProvider" time="9.692"/>
</testsuite> <!-- com.sevenrmartsupermarket.tests.LoginTest -->
