<?xml version="1.0" encoding="UTF-8"?>
<!-- Generated by org.testng.reporters.JUnitReportReporter -->
<testsuite hostname="LAPTOP-10R8ABVG" failures="0" tests="2" name="com.sevenrmartsupermarket.tests.PushNotificationsTest" time="9.215" errors="0" timestamp="2024-01-17T19:12:24 IST" skipped="0">
  <testcase classname="com.sevenrmartsupermarket.tests.PushNotificationsTest" name="verify" time="3.438"/>
  <testcase classname="com.sevenrmartsupermarket.tests.PushNotificationsTest" name="verifyPushNotificationMessage" time="5.777"/>
</testsuite> <!-- com.sevenrmartsupermarket.tests.PushNotificationsTest -->
