<?xml version="1.0" encoding="UTF-8"?>
<!-- Generated by org.testng.reporters.JUnitReportReporter -->
<testsuite hostname="LAPTOP-10R8ABVG" failures="0" tests="1" name="com.sevenrmartsupermarket.tests.AdminUsersTest" time="9.605" errors="0" timestamp="19 Jan 2024 15:43:55 GMT" skipped="0">
  <testcase classname="com.sevenrmartsupermarket.tests.AdminUsersTest" name="verifyCreatingNewAdminUser" time="9.605"/>
</testsuite> <!-- com.sevenrmartsupermarket.tests.AdminUsersTest -->
