<?xml version="1.0" encoding="UTF-8"?>
<!-- Generated by org.testng.reporters.JUnitReportReporter -->
<testsuite hostname="LAPTOP-10R8ABVG" failures="0" tests="1" name="com.sevenrmartsupermarket.tests.LoginTest" time="7.463" errors="0" timestamp="2024-01-17T19:15:59 IST" skipped="0">
  <testcase classname="com.sevenrmartsupermarket.tests.LoginTest" name="verifyLoginUsingExcelRead" time="7.463"/>
</testsuite> <!-- com.sevenrmartsupermarket.tests.LoginTest -->
