<?xml version="1.0" encoding="UTF-8"?>
<!-- Generated by org.testng.reporters.JUnitReportReporter -->
<testsuite hostname="LAPTOP-10R8ABVG" failures="0" tests="1" name="com.sevenrmartsupermarket.tests.LoginTest" time="9.520" errors="0" timestamp="2024-01-15T21:37:33 IST" skipped="0">
  <testcase classname="com.sevenrmartsupermarket.tests.LoginTest" name="verifyLogin" time="9.520"/>
</testsuite> <!-- com.sevenrmartsupermarket.tests.LoginTest -->
