<?xml version="1.0" encoding="UTF-8"?>
<!-- Generated by org.testng.reporters.JUnitReportReporter -->
<testsuite hostname="LAPTOP-10R8ABVG" failures="0" tests="5" name="com.sevenrmartsupermarket.tests.ManageDeliveryBoyTest" time="70.850" errors="0" timestamp="2024-01-17T19:12:24 IST" skipped="0">
  <testcase classname="com.sevenrmartsupermarket.tests.ManageDeliveryBoyTest" name="verifyDeliverBoyEditEmail" time="15.545"/>
  <testcase classname="com.sevenrmartsupermarket.tests.ManageDeliveryBoyTest" name="verifyDeliverBoyEditPhoneNumber" time="14.859"/>
  <testcase classname="com.sevenrmartsupermarket.tests.ManageDeliveryBoyTest" name="verifyDeliverBoyEditWithPhoneNumberFieldEmpty" time="14.469"/>
  <testcase classname="com.sevenrmartsupermarket.tests.ManageDeliveryBoyTest" name="verifyCreatingNewDeliveryBoy1" time="10.633"/>
  <testcase classname="com.sevenrmartsupermarket.tests.ManageDeliveryBoyTest" name="verifyDeliverBoyEditUserName" time="15.344"/>
</testsuite> <!-- com.sevenrmartsupermarket.tests.ManageDeliveryBoyTest -->
