<?xml version="1.0" encoding="UTF-8"?>
<!-- Generated by org.testng.reporters.JUnitReportReporter -->
<testsuite hostname="LAPTOP-10R8ABVG" failures="0" tests="2" name="com.sevenrmartsupermarket.tests.PushNotificationsTest" time="51.514" errors="0" timestamp="2024-01-16T20:48:14 IST" skipped="0">
  <testcase classname="com.sevenrmartsupermarket.tests.PushNotificationsTest" name="verifyPushNotificationMessage" time="41.188"/>
  <testcase classname="com.sevenrmartsupermarket.tests.PushNotificationsTest" name="verify" time="10.326"/>
</testsuite> <!-- com.sevenrmartsupermarket.tests.PushNotificationsTest -->
