<?xml version="1.0" encoding="UTF-8"?>
<!-- Generated by org.testng.reporters.JUnitReportReporter -->
<testsuite hostname="LAPTOP-10R8ABVG" failures="0" tests="1" name="com.sevenrmartsupermarket.tests.HomeTest" time="8.082" errors="0" timestamp="2024-01-17T17:38:19 IST" skipped="0">
  <testcase classname="com.sevenrmartsupermarket.tests.HomeTest" name="verifyLogout" time="8.082"/>
</testsuite> <!-- com.sevenrmartsupermarket.tests.HomeTest -->
