<?xml version="1.0" encoding="UTF-8"?>
<!-- Generated by org.testng.reporters.JUnitReportReporter -->
<testsuite hostname="LAPTOP-10R8ABVG" failures="0" tests="1" name="com.sevenrmartsupermarket.tests.PushNotificationsTest" time="10.612" errors="0" timestamp="2024-01-15T17:53:59 IST" skipped="0">
  <testcase classname="com.sevenrmartsupermarket.tests.PushNotificationsTest" name="verifyPushNotificationMessage" time="10.612"/>
</testsuite> <!-- com.sevenrmartsupermarket.tests.PushNotificationsTest -->
